Using pre-set license
Built from '2020.3/staging' branch; Version is '2020.3.30f1 (1fb1bf06830e) revision 2077119'; Using compiler version '192528614'; Build Type 'Release'
OS: 'Windows 10  (10.0.19044) 64bit CoreSingleLanguage' Language: 'pt' Physical Memory: 16281 MB
BatchMode: 1, IsHumanControllingUs: 0, StartBugReporterOnCrash: 0, Is64bit: 1, IsPro: 0

COMMAND LINE ARGUMENTS:
D:\Downloads\Unity\2020.3.30f1\Editor\Unity.exe
-adb2
-batchMode
-noUpm
-name
AssetImportWorker0
-projectPath
D:/Documentos/FEUP/4 ano/2 semestre/DDJD/DDJD_C1/FEUP Security Breach
-logFile
Logs/AssetImportWorker0.log
-srvPort
53271
Successfully changed project path to: D:/Documentos/FEUP/4 ano/2 semestre/DDJD/DDJD_C1/FEUP Security Breach
D:/Documentos/FEUP/4 ano/2 semestre/DDJD/DDJD_C1/FEUP Security Breach
Using Asset Import Pipeline V2.
Refreshing native plugins compatible for Editor in 75.53 ms, found 3 plugins.
Preloading 0 native plugins for Editor in 0.00 ms.
Initialize engine version: 2020.3.30f1 (1fb1bf06830e)
[Subsystems] Discovering subsystems at path D:/Downloads/Unity/2020.3.30f1/Editor/Data/Resources/UnitySubsystems
[Subsystems] Discovering subsystems at path D:/Documentos/FEUP/4 ano/2 semestre/DDJD/DDJD_C1/FEUP Security Breach/Assets
GfxDevice: creating device client; threaded=0
Direct3D:
    Version:  Direct3D 11.0 [level 11.1]
    Renderer: NVIDIA GeForce MX150 (ID=0x1d10)
    Vendor:   
    VRAM:     4027 MB
    Driver:   27.21.14.5167
Initialize mono
Mono path[0] = 'D:/Downloads/Unity/2020.3.30f1/Editor/Data/Managed'
Mono path[1] = 'D:/Downloads/Unity/2020.3.30f1/Editor/Data/MonoBleedingEdge/lib/mono/unityjit'
Mono config path = 'D:/Downloads/Unity/2020.3.30f1/Editor/Data/MonoBleedingEdge/etc'
Using monoOptions --debugger-agent=transport=dt_socket,embedding=1,server=y,suspend=n,address=127.0.0.1:56920
Begin MonoManager ReloadAssembly
Registering precompiled unity dll's ...
Register platform support module: D:/Downloads/Unity/2020.3.30f1/Editor/Data/PlaybackEngines/WindowsStandaloneSupport/UnityEditor.WindowsStandalone.Extensions.dll
Registered in 0.001360 seconds.
Native extension for WindowsStandalone target not found
Refreshing native plugins compatible for Editor in 46.83 ms, found 3 plugins.
Preloading 0 native plugins for Editor in 0.00 ms.
Mono: successfully reloaded assembly
- Completed reload, in  0.618 seconds
Domain Reload Profiling:
	ReloadAssembly (618ms)
		BeginReloadAssembly (86ms)
			ExecutionOrderSort (0ms)
			DisableScriptedObjects (0ms)
			BackupInstance (0ms)
			ReleaseScriptingObjects (0ms)
			CreateAndSetChildDomain (1ms)
		EndReloadAssembly (462ms)
			LoadAssemblies (86ms)
			RebuildTransferFunctionScriptingTraits (0ms)
			SetupTypeCache (154ms)
			ReleaseScriptCaches (0ms)
			RebuildScriptCaches (33ms)
			SetupLoadedEditorAssemblies (172ms)
				LogAssemblyErrors (0ms)
				InitializePlatformSupportModulesInManaged (4ms)
				SetLoadedEditorAssemblies (0ms)
				RefreshPlugins (47ms)
				BeforeProcessingInitializeOnLoad (12ms)
				ProcessInitializeOnLoadAttributes (80ms)
				ProcessInitializeOnLoadMethodAttributes (28ms)
				AfterProcessingInitializeOnLoad (0ms)
				EditorAssembliesLoaded (0ms)
			ExecutionOrderSort2 (0ms)
			AwakeInstancesAfterBackupRestoration (0ms)
Platform modules already initialized, skipping
Registering precompiled user dll's ...
Registered in 0.003543 seconds.
Begin MonoManager ReloadAssembly
Native extension for WindowsStandalone target not found
Refreshing native plugins compatible for Editor in 70.98 ms, found 3 plugins.
Preloading 0 native plugins for Editor in 0.00 ms.
Mono: successfully reloaded assembly
- Completed reload, in  1.567 seconds
Domain Reload Profiling:
	ReloadAssembly (1571ms)
		BeginReloadAssembly (202ms)
			ExecutionOrderSort (0ms)
			DisableScriptedObjects (5ms)
			BackupInstance (0ms)
			ReleaseScriptingObjects (0ms)
			CreateAndSetChildDomain (22ms)
		EndReloadAssembly (1308ms)
			LoadAssemblies (146ms)
			RebuildTransferFunctionScriptingTraits (0ms)
			SetupTypeCache (432ms)
			ReleaseScriptCaches (1ms)
			RebuildScriptCaches (70ms)
			SetupLoadedEditorAssemblies (475ms)
				LogAssemblyErrors (0ms)
				InitializePlatformSupportModulesInManaged (6ms)
				SetLoadedEditorAssemblies (0ms)
				RefreshPlugins (71ms)
				BeforeProcessingInitializeOnLoad (96ms)
				ProcessInitializeOnLoadAttributes (273ms)
				ProcessInitializeOnLoadMethodAttributes (25ms)
				AfterProcessingInitializeOnLoad (4ms)
				EditorAssembliesLoaded (0ms)
			ExecutionOrderSort2 (0ms)
			AwakeInstancesAfterBackupRestoration (9ms)
Platform modules already initialized, skipping
========================================================================
Worker process is ready to serve import requests
Launched and connected shader compiler UnityShaderCompiler.exe after 0.20 seconds
Refreshing native plugins compatible for Editor in 0.77 ms, found 3 plugins.
Preloading 0 native plugins for Editor in 0.00 ms.
Unloading 2233 Unused Serialized files (Serialized files now loaded: 0)
System memory in use before: 190.2 MB.
System memory in use after: 190.2 MB.

Unloading 30 unused Assets to reduce memory usage. Loaded Objects now: 2689.
Total: 3.905900 ms (FindLiveObjects: 0.206500 ms CreateObjectMapping: 0.107100 ms MarkObjects: 3.426500 ms  DeleteObjects: 0.164600 ms)

AssetImportParameters requested are different than current active one (requested -> active):
  custom:framework-win-MediaFoundation: 216162199b28c13a410421893ffa2e32 -> 
  custom:video-decoder-ogg-theora: a1e56fd34408186e4bbccfd4996cb3dc -> 
  custom:container-muxer-webm: aa71ff27fc2769a1b78a27578f13a17b -> 
  custom:container-demuxer-webm: 4f35f7cbe854078d1ac9338744f61a02 -> 
  custom:container-demuxer-ogg: 62fdf1f143b41e24485cea50d1cbac27 -> 
  custom:video-encoder-webm-vp8: eb34c28f22e8b96e1ab97ce403110664 -> 
  custom:video-codec-MediaFoundation-h265: 746d11721c4dcdbdad8f713fa42b33f4 -> 
  custom:video-decoder-webm-vp8: 9c59270c3fd7afecdb556c50c9e8de78 -> 
  custom:audio-decoder-ogg-vorbis: bf7c407c2cedff20999df2af8eb42d56 -> 
  custom:audio-encoder-webm-vorbis: bf7c407c2cedff20999df2af8eb42d56 -> 
========================================================================
Received Import Request.
  path: Assets/Scenes
  artifactKey: Guid(131a6b21c8605f84396be9f6751fb6e3) Importer(815301076,1909f56bfc062723c751e8b465ee728b)
Start importing Assets/Scenes using Guid(131a6b21c8605f84396be9f6751fb6e3) Importer(815301076,1909f56bfc062723c751e8b465ee728b)  -> (artifact id: 'ffae677c86e903bacef8065336249a81') in 0.005353 seconds 
========================================================================
Received Import Request.
  Time since last request: 0.000452 seconds.
  path: Assets/Scenes/MainMenu.unity
  artifactKey: Guid(6b26b9fab79444c479d34dcab1128a54) Importer(815301076,1909f56bfc062723c751e8b465ee728b)
Start importing Assets/Scenes/MainMenu.unity using Guid(6b26b9fab79444c479d34dcab1128a54) Importer(815301076,1909f56bfc062723c751e8b465ee728b)  -> (artifact id: '6e9d3fcc618e5fcbb107d379aba561cf') in 0.016005 seconds 
========================================================================
Received Prepare
Registering precompiled user dll's ...
Registered in 0.005749 seconds.
Begin MonoManager ReloadAssembly
Native extension for WindowsStandalone target not found
Refreshing native plugins compatible for Editor in 0.96 ms, found 3 plugins.
Preloading 0 native plugins for Editor in 0.00 ms.
Mono: successfully reloaded assembly
- Completed reload, in  1.962 seconds
Domain Reload Profiling:
	ReloadAssembly (1963ms)
		BeginReloadAssembly (273ms)
			ExecutionOrderSort (0ms)
			DisableScriptedObjects (13ms)
			BackupInstance (0ms)
			ReleaseScriptingObjects (0ms)
			CreateAndSetChildDomain (65ms)
		EndReloadAssembly (1491ms)
			LoadAssemblies (282ms)
			RebuildTransferFunctionScriptingTraits (0ms)
			SetupTypeCache (677ms)
			ReleaseScriptCaches (1ms)
			RebuildScriptCaches (62ms)
			SetupLoadedEditorAssemblies (408ms)
				LogAssemblyErrors (0ms)
				InitializePlatformSupportModulesInManaged (9ms)
				SetLoadedEditorAssemblies (1ms)
				RefreshPlugins (1ms)
				BeforeProcessingInitializeOnLoad (129ms)
				ProcessInitializeOnLoadAttributes (247ms)
				ProcessInitializeOnLoadMethodAttributes (17ms)
				AfterProcessingInitializeOnLoad (3ms)
				EditorAssembliesLoaded (0ms)
			ExecutionOrderSort2 (0ms)
			AwakeInstancesAfterBackupRestoration (14ms)
Platform modules already initialized, skipping
Refreshing native plugins compatible for Editor in 0.72 ms, found 3 plugins.
Preloading 0 native plugins for Editor in 0.00 ms.
Unloading 2214 Unused Serialized files (Serialized files now loaded: 0)
System memory in use before: 188.9 MB.
System memory in use after: 188.9 MB.

Unloading 20 unused Assets to reduce memory usage. Loaded Objects now: 2691.
Total: 4.268800 ms (FindLiveObjects: 0.240200 ms CreateObjectMapping: 0.110000 ms MarkObjects: 3.763000 ms  DeleteObjects: 0.154400 ms)

AssetImportParameters requested are different than current active one (requested -> active):
  custom:framework-win-MediaFoundation: 216162199b28c13a410421893ffa2e32 -> 
  custom:video-decoder-ogg-theora: a1e56fd34408186e4bbccfd4996cb3dc -> 
  custom:container-muxer-webm: aa71ff27fc2769a1b78a27578f13a17b -> 
  custom:container-demuxer-webm: 4f35f7cbe854078d1ac9338744f61a02 -> 
  custom:container-demuxer-ogg: 62fdf1f143b41e24485cea50d1cbac27 -> 
  custom:video-encoder-webm-vp8: eb34c28f22e8b96e1ab97ce403110664 -> 
  custom:video-codec-MediaFoundation-h265: 746d11721c4dcdbdad8f713fa42b33f4 -> 
  custom:video-decoder-webm-vp8: 9c59270c3fd7afecdb556c50c9e8de78 -> 
  custom:audio-decoder-ogg-vorbis: bf7c407c2cedff20999df2af8eb42d56 -> 
  custom:audio-encoder-webm-vorbis: bf7c407c2cedff20999df2af8eb42d56 -> 
========================================================================
Received Import Request.
  Time since last request: 128.588301 seconds.
  path: Assets/Prefabs/Busted.prefab
  artifactKey: Guid(175df06316e8da5498fa1587b02f2ac3) Importer(815301076,1909f56bfc062723c751e8b465ee728b)
Start importing Assets/Prefabs/Busted.prefab using Guid(175df06316e8da5498fa1587b02f2ac3) Importer(815301076,1909f56bfc062723c751e8b465ee728b)  -> (artifact id: 'fc0800948242cbe70a1c6bd118f83222') in 0.229975 seconds 
========================================================================
Received Import Request.
  Time since last request: 0.000635 seconds.
  path: Assets/Prefabs/DronePath.prefab
  artifactKey: Guid(f96a9c58e0334284481e9a53f363bda4) Importer(815301076,1909f56bfc062723c751e8b465ee728b)
Start importing Assets/Prefabs/DronePath.prefab using Guid(f96a9c58e0334284481e9a53f363bda4) Importer(815301076,1909f56bfc062723c751e8b465ee728b)  -> (artifact id: 'c95caed551a64628fc700f0439a494f4') in 0.009619 seconds 
========================================================================
Received Import Request.
  Time since last request: 0.000379 seconds.
  path: Assets/Prefabs/Player 1.prefab
  artifactKey: Guid(d2e1c60fea1f0a8408df06faeacd5d1c) Importer(815301076,1909f56bfc062723c751e8b465ee728b)
Start importing Assets/Prefabs/Player 1.prefab using Guid(d2e1c60fea1f0a8408df06faeacd5d1c) Importer(815301076,1909f56bfc062723c751e8b465ee728b)  -> (artifact id: 'be17fc6fc4c7d03e6c96848302af4cb5') in 0.137220 seconds 
========================================================================
Received Import Request.
  Time since last request: 0.000590 seconds.
  path: Assets/Prefabs/Fader 1.prefab
  artifactKey: Guid(587a890ed5d08604f815b71917bdfc1c) Importer(815301076,1909f56bfc062723c751e8b465ee728b)
Start importing Assets/Prefabs/Fader 1.prefab using Guid(587a890ed5d08604f815b71917bdfc1c) Importer(815301076,1909f56bfc062723c751e8b465ee728b)  -> (artifact id: 'bb0d7694c378656ded44089af3e36c69') in 0.016915 seconds 
========================================================================
Received Import Request.
  Time since last request: 1.494366 seconds.
  path: Assets/Prefabs/Finished
  artifactKey: Guid(f63235364412eb849ae71dccbad3e413) Importer(815301076,1909f56bfc062723c751e8b465ee728b)
Start importing Assets/Prefabs/Finished using Guid(f63235364412eb849ae71dccbad3e413) Importer(815301076,1909f56bfc062723c751e8b465ee728b)  -> (artifact id: '63e2bdb919f67d75582fa95874176fa0') in 0.003003 seconds 
========================================================================
Received Import Request.
  Time since last request: 0.083332 seconds.
  path: Assets/Prefabs/Finished/Backpack.prefab
  artifactKey: Guid(f3412ef8acd0f274aae556c8a4308db8) Importer(815301076,1909f56bfc062723c751e8b465ee728b)
Start importing Assets/Prefabs/Finished/Backpack.prefab using Guid(f3412ef8acd0f274aae556c8a4308db8) Importer(815301076,1909f56bfc062723c751e8b465ee728b)  -> (artifact id: '292ec87e784d41c5719be4303f3c9d34') in 0.012607 seconds 
========================================================================
Received Import Request.
  Time since last request: 0.000442 seconds.
  path: Assets/Prefabs/Finished/UIButton.prefab
  artifactKey: Guid(f3a94bb38544dcb44bad292976ee6aab) Importer(815301076,1909f56bfc062723c751e8b465ee728b)
Start importing Assets/Prefabs/Finished/UIButton.prefab using Guid(f3a94bb38544dcb44bad292976ee6aab) Importer(815301076,1909f56bfc062723c751e8b465ee728b)  -> (artifact id: '54f24168c65141c35f92b104ab9d73a8') in 0.022510 seconds 
========================================================================
Received Import Request.
  Time since last request: 0.000405 seconds.
  path: Assets/Prefabs/Finished/Button.prefab
  artifactKey: Guid(6dd8a800952040046860f39bdbb6d9ca) Importer(815301076,1909f56bfc062723c751e8b465ee728b)
Start importing Assets/Prefabs/Finished/Button.prefab using Guid(6dd8a800952040046860f39bdbb6d9ca) Importer(815301076,1909f56bfc062723c751e8b465ee728b)  -> (artifact id: '6a85e26edeb84fb35f546e1e2a2200ca') in 0.023726 seconds 
========================================================================
Received Import Request.
  Time since last request: 0.000453 seconds.
  path: Assets/Prefabs/Finished/Drone.prefab
  artifactKey: Guid(3a7ff62b8719c88458009c03e8f929b8) Importer(815301076,1909f56bfc062723c751e8b465ee728b)
Start importing Assets/Prefabs/Finished/Drone.prefab using Guid(3a7ff62b8719c88458009c03e8f929b8) Importer(815301076,1909f56bfc062723c751e8b465ee728b)  -> (artifact id: '1b4d85942d0ab297f1ca810cae26c52b') in 0.017244 seconds 
========================================================================
Received Import Request.
  Time since last request: 0.000455 seconds.
  path: Assets/Prefabs/Finished/Gate.prefab
  artifactKey: Guid(8e44ea83880711147b8d65876e7d0c24) Importer(815301076,1909f56bfc062723c751e8b465ee728b)
Start importing Assets/Prefabs/Finished/Gate.prefab using Guid(8e44ea83880711147b8d65876e7d0c24) Importer(815301076,1909f56bfc062723c751e8b465ee728b)  -> (artifact id: '250005303ccaac8aa7d15fb0c3c3ea36') in 0.017215 seconds 
========================================================================
Received Import Request.
  Time since last request: 0.000407 seconds.
  path: Assets/Prefabs/Finished/SecurityCamera 2 1.prefab
  artifactKey: Guid(bd3217b530b719e48ab6f1d367604922) Importer(815301076,1909f56bfc062723c751e8b465ee728b)
Start importing Assets/Prefabs/Finished/SecurityCamera 2 1.prefab using Guid(bd3217b530b719e48ab6f1d367604922) Importer(815301076,1909f56bfc062723c751e8b465ee728b)  -> (artifact id: 'bff63408a80862ee64f12bbd875df35b') in 0.018149 seconds 
========================================================================
Received Import Request.
  Time since last request: 0.000452 seconds.
  path: Assets/Prefabs/Finished/OrangePortal.prefab
  artifactKey: Guid(64266a71fb3c451478ea36c7c3aa0068) Importer(815301076,1909f56bfc062723c751e8b465ee728b)
Start importing Assets/Prefabs/Finished/OrangePortal.prefab using Guid(64266a71fb3c451478ea36c7c3aa0068) Importer(815301076,1909f56bfc062723c751e8b465ee728b)  -> (artifact id: '7fbb766d1a9e32f9958ab0ec6d3c3e7d') in 0.019958 seconds 
========================================================================
Received Import Request.
  Time since last request: 0.000383 seconds.
  path: Assets/Prefabs/Finished/BluePortal.prefab
  artifactKey: Guid(e01318aae7a84f74383310cc1573b815) Importer(815301076,1909f56bfc062723c751e8b465ee728b)
Start importing Assets/Prefabs/Finished/BluePortal.prefab using Guid(e01318aae7a84f74383310cc1573b815) Importer(815301076,1909f56bfc062723c751e8b465ee728b)  -> (artifact id: '0e33b6cb6168f3e92473d9e8dd84c723') in 0.019146 seconds 
========================================================================
Received Prepare
Registering precompiled user dll's ...
Registered in 0.003573 seconds.
Begin MonoManager ReloadAssembly
Native extension for WindowsStandalone target not found
Refreshing native plugins compatible for Editor in 1.21 ms, found 3 plugins.
Preloading 0 native plugins for Editor in 0.00 ms.
Mono: successfully reloaded assembly
- Completed reload, in  1.736 seconds
Domain Reload Profiling:
	ReloadAssembly (1736ms)
		BeginReloadAssembly (214ms)
			ExecutionOrderSort (0ms)
			DisableScriptedObjects (9ms)
			BackupInstance (0ms)
			ReleaseScriptingObjects (0ms)
			CreateAndSetChildDomain (50ms)
		EndReloadAssembly (1423ms)
			LoadAssemblies (216ms)
			RebuildTransferFunctionScriptingTraits (0ms)
			SetupTypeCache (485ms)
			ReleaseScriptCaches (1ms)
			RebuildScriptCaches (78ms)
			SetupLoadedEditorAssemblies (506ms)
				LogAssemblyErrors (0ms)
				InitializePlatformSupportModulesInManaged (11ms)
				SetLoadedEditorAssemblies (1ms)
				RefreshPlugins (1ms)
				BeforeProcessingInitializeOnLoad (170ms)
				ProcessInitializeOnLoadAttributes (299ms)
				ProcessInitializeOnLoadMethodAttributes (18ms)
				AfterProcessingInitializeOnLoad (5ms)
				EditorAssembliesLoaded (0ms)
			ExecutionOrderSort2 (0ms)
			AwakeInstancesAfterBackupRestoration (14ms)
Platform modules already initialized, skipping
Refreshing native plugins compatible for Editor in 0.68 ms, found 3 plugins.
Preloading 0 native plugins for Editor in 0.00 ms.
Unloading 2214 Unused Serialized files (Serialized files now loaded: 0)
System memory in use before: 192.1 MB.
System memory in use after: 192.1 MB.

Unloading 23 unused Assets to reduce memory usage. Loaded Objects now: 2702.
Total: 4.370500 ms (FindLiveObjects: 0.232400 ms CreateObjectMapping: 0.121100 ms MarkObjects: 3.817300 ms  DeleteObjects: 0.198500 ms)

AssetImportParameters requested are different than current active one (requested -> active):
  custom:framework-win-MediaFoundation: 216162199b28c13a410421893ffa2e32 -> 
  custom:video-decoder-ogg-theora: a1e56fd34408186e4bbccfd4996cb3dc -> 
  custom:container-muxer-webm: aa71ff27fc2769a1b78a27578f13a17b -> 
  custom:container-demuxer-webm: 4f35f7cbe854078d1ac9338744f61a02 -> 
  custom:container-demuxer-ogg: 62fdf1f143b41e24485cea50d1cbac27 -> 
  custom:video-encoder-webm-vp8: eb34c28f22e8b96e1ab97ce403110664 -> 
  custom:video-codec-MediaFoundation-h265: 746d11721c4dcdbdad8f713fa42b33f4 -> 
  custom:video-decoder-webm-vp8: 9c59270c3fd7afecdb556c50c9e8de78 -> 
  custom:audio-decoder-ogg-vorbis: bf7c407c2cedff20999df2af8eb42d56 -> 
  custom:audio-encoder-webm-vorbis: bf7c407c2cedff20999df2af8eb42d56 -> 
========================================================================
Received Import Request.
  Time since last request: 48.930672 seconds.
  path: Assets/broken character.psb
  artifactKey: Guid(fa3717e2681c6e541a2e4ffdb06650b3) Importer(815301076,1909f56bfc062723c751e8b465ee728b)
Start importing Assets/broken character.psb using Guid(fa3717e2681c6e541a2e4ffdb06650b3) Importer(815301076,1909f56bfc062723c751e8b465ee728b)  -> (artifact id: '14cf5fe5e3b1329220b002b529cb7c60') in 0.241054 seconds 
========================================================================
Received Import Request.
  Time since last request: 162.828556 seconds.
  path: Assets/broken character.psb
  artifactKey: Guid(fa3717e2681c6e541a2e4ffdb06650b3) Importer(815301076,1909f56bfc062723c751e8b465ee728b)
Start importing Assets/broken character.psb using Guid(fa3717e2681c6e541a2e4ffdb06650b3) Importer(815301076,1909f56bfc062723c751e8b465ee728b)  -> (artifact id: '91e1ac5362b26a41e0a70d5d572b44d3') in 0.125711 seconds 
========================================================================
Received Import Request.
  Time since last request: 943.739971 seconds.
  path: Assets/broken character.psb
  artifactKey: Guid(fa3717e2681c6e541a2e4ffdb06650b3) Importer(815301076,1909f56bfc062723c751e8b465ee728b)
Start importing Assets/broken character.psb using Guid(fa3717e2681c6e541a2e4ffdb06650b3) Importer(815301076,1909f56bfc062723c751e8b465ee728b)  -> (artifact id: '3e625a42b2647312a3bb9c169afa6dee') in 0.123619 seconds 
========================================================================
Received Import Request.
  Time since last request: 23.056788 seconds.
  path: Assets/broken character.psb
  artifactKey: Guid(fa3717e2681c6e541a2e4ffdb06650b3) Importer(815301076,1909f56bfc062723c751e8b465ee728b)
Start importing Assets/broken character.psb using Guid(fa3717e2681c6e541a2e4ffdb06650b3) Importer(815301076,1909f56bfc062723c751e8b465ee728b)  -> (artifact id: 'a9e05b4cd52b133c38f6438850e3f692') in 0.158222 seconds 
========================================================================
Received Import Request.
  Time since last request: 383.209535 seconds.
  path: Assets/broken character.psb
  artifactKey: Guid(fa3717e2681c6e541a2e4ffdb06650b3) Importer(815301076,1909f56bfc062723c751e8b465ee728b)
Start importing Assets/broken character.psb using Guid(fa3717e2681c6e541a2e4ffdb06650b3) Importer(815301076,1909f56bfc062723c751e8b465ee728b)  -> (artifact id: '8609cbf70d2cde9905fab599d5bdaf6f') in 0.124024 seconds 
========================================================================
Received Import Request.
  Time since last request: 34.559006 seconds.
  path: Assets/broken character.psb
  artifactKey: Guid(fa3717e2681c6e541a2e4ffdb06650b3) Importer(815301076,1909f56bfc062723c751e8b465ee728b)
Start importing Assets/broken character.psb using Guid(fa3717e2681c6e541a2e4ffdb06650b3) Importer(815301076,1909f56bfc062723c751e8b465ee728b)  -> (artifact id: '52e2e395fe7deb167c7cf1fb20d3485a') in 0.146101 seconds 
========================================================================
Received Import Request.
  Time since last request: 607.562499 seconds.
  path: Assets/broken character.psb
  artifactKey: Guid(fa3717e2681c6e541a2e4ffdb06650b3) Importer(815301076,1909f56bfc062723c751e8b465ee728b)
Start importing Assets/broken character.psb using Guid(fa3717e2681c6e541a2e4ffdb06650b3) Importer(815301076,1909f56bfc062723c751e8b465ee728b)  -> (artifact id: 'e881ed2ee8b5b054ee00e27098949adc') in 0.123419 seconds 
========================================================================
Received Import Request.
  Time since last request: 65.988217 seconds.
  path: Assets/broken character.psb
  artifactKey: Guid(fa3717e2681c6e541a2e4ffdb06650b3) Importer(815301076,1909f56bfc062723c751e8b465ee728b)
Start importing Assets/broken character.psb using Guid(fa3717e2681c6e541a2e4ffdb06650b3) Importer(815301076,1909f56bfc062723c751e8b465ee728b)  -> (artifact id: '78bea010ddc2f31c4e1bc4b687ac8eb8') in 0.110855 seconds 
========================================================================
Received Import Request.
  Time since last request: 176.428589 seconds.
  path: Assets/broken character.psb
  artifactKey: Guid(fa3717e2681c6e541a2e4ffdb06650b3) Importer(815301076,1909f56bfc062723c751e8b465ee728b)
Start importing Assets/broken character.psb using Guid(fa3717e2681c6e541a2e4ffdb06650b3) Importer(815301076,1909f56bfc062723c751e8b465ee728b)  -> (artifact id: 'd6b80105cd6988c4d4e91560da2738ff') in 0.144844 seconds 
========================================================================
Received Import Request.
  Time since last request: 53.087766 seconds.
  path: Assets/Scenes/character.unity
  artifactKey: Guid(39248606f1968ae4d81345a83dcb75e2) Importer(815301076,1909f56bfc062723c751e8b465ee728b)
Start importing Assets/Scenes/character.unity using Guid(39248606f1968ae4d81345a83dcb75e2) Importer(815301076,1909f56bfc062723c751e8b465ee728b)  -> (artifact id: '2a934a71d34a4c5c39c73aac013062b4') in 0.004787 seconds 
========================================================================
Received Prepare
Registering precompiled user dll's ...
Registered in 0.003399 seconds.
Begin MonoManager ReloadAssembly
Native extension for WindowsStandalone target not found
Refreshing native plugins compatible for Editor in 0.80 ms, found 3 plugins.
Preloading 0 native plugins for Editor in 0.00 ms.
Mono: successfully reloaded assembly
- Completed reload, in  1.390 seconds
Domain Reload Profiling:
	ReloadAssembly (1391ms)
		BeginReloadAssembly (181ms)
			ExecutionOrderSort (0ms)
			DisableScriptedObjects (8ms)
			BackupInstance (0ms)
			ReleaseScriptingObjects (0ms)
			CreateAndSetChildDomain (64ms)
		EndReloadAssembly (1061ms)
			LoadAssemblies (145ms)
			RebuildTransferFunctionScriptingTraits (0ms)
			SetupTypeCache (317ms)
			ReleaseScriptCaches (1ms)
			RebuildScriptCaches (60ms)
			SetupLoadedEditorAssemblies (462ms)
				LogAssemblyErrors (0ms)
				InitializePlatformSupportModulesInManaged (6ms)
				SetLoadedEditorAssemblies (1ms)
				RefreshPlugins (1ms)
				BeforeProcessingInitializeOnLoad (194ms)
				ProcessInitializeOnLoadAttributes (242ms)
				ProcessInitializeOnLoadMethodAttributes (14ms)
				AfterProcessingInitializeOnLoad (4ms)
				EditorAssembliesLoaded (0ms)
			ExecutionOrderSort2 (0ms)
			AwakeInstancesAfterBackupRestoration (12ms)
Platform modules already initialized, skipping
Refreshing native plugins compatible for Editor in 0.89 ms, found 3 plugins.
Preloading 0 native plugins for Editor in 0.00 ms.
Unloading 2214 Unused Serialized files (Serialized files now loaded: 0)
System memory in use before: 192.4 MB.
System memory in use after: 192.5 MB.

Unloading 20 unused Assets to reduce memory usage. Loaded Objects now: 2739.
Total: 3.455100 ms (FindLiveObjects: 0.206400 ms CreateObjectMapping: 0.101500 ms MarkObjects: 3.006000 ms  DeleteObjects: 0.140200 ms)

AssetImportParameters requested are different than current active one (requested -> active):
  custom:framework-win-MediaFoundation: 216162199b28c13a410421893ffa2e32 -> 
  custom:video-decoder-ogg-theora: a1e56fd34408186e4bbccfd4996cb3dc -> 
  custom:container-muxer-webm: aa71ff27fc2769a1b78a27578f13a17b -> 
  custom:container-demuxer-webm: 4f35f7cbe854078d1ac9338744f61a02 -> 
  custom:container-demuxer-ogg: 62fdf1f143b41e24485cea50d1cbac27 -> 
  custom:video-encoder-webm-vp8: eb34c28f22e8b96e1ab97ce403110664 -> 
  custom:video-codec-MediaFoundation-h265: 746d11721c4dcdbdad8f713fa42b33f4 -> 
  custom:video-decoder-webm-vp8: 9c59270c3fd7afecdb556c50c9e8de78 -> 
  custom:audio-decoder-ogg-vorbis: bf7c407c2cedff20999df2af8eb42d56 -> 
  custom:audio-encoder-webm-vorbis: bf7c407c2cedff20999df2af8eb42d56 -> 
========================================================================
Received Import Request.
  Time since last request: 1977.303489 seconds.
  path: Assets/broken character.psb
  artifactKey: Guid(fa3717e2681c6e541a2e4ffdb06650b3) Importer(815301076,1909f56bfc062723c751e8b465ee728b)
Start importing Assets/broken character.psb using Guid(fa3717e2681c6e541a2e4ffdb06650b3) Importer(815301076,1909f56bfc062723c751e8b465ee728b)  -> (artifact id: '156656ddeab2c13f7e2ab771999f4f3c') in 0.350869 seconds 
========================================================================
Received Import Request.
  Time since last request: 63.146717 seconds.
  path: Assets/broken character.psb
  artifactKey: Guid(fa3717e2681c6e541a2e4ffdb06650b3) Importer(815301076,1909f56bfc062723c751e8b465ee728b)
Start importing Assets/broken character.psb using Guid(fa3717e2681c6e541a2e4ffdb06650b3) Importer(815301076,1909f56bfc062723c751e8b465ee728b)  -> (artifact id: '1fb807b5ce245b68a4fa7851105feca6') in 0.164561 seconds 
========================================================================
Received Prepare
Registering precompiled user dll's ...
Registered in 0.003287 seconds.
Begin MonoManager ReloadAssembly
Native extension for WindowsStandalone target not found
Refreshing native plugins compatible for Editor in 0.73 ms, found 3 plugins.
Preloading 0 native plugins for Editor in 0.00 ms.
Mono: successfully reloaded assembly
- Completed reload, in  1.924 seconds
Domain Reload Profiling:
	ReloadAssembly (1925ms)
		BeginReloadAssembly (288ms)
			ExecutionOrderSort (0ms)
			DisableScriptedObjects (12ms)
			BackupInstance (0ms)
			ReleaseScriptingObjects (0ms)
			CreateAndSetChildDomain (93ms)
		EndReloadAssembly (1521ms)
			LoadAssemblies (251ms)
			RebuildTransferFunctionScriptingTraits (0ms)
			SetupTypeCache (540ms)
			ReleaseScriptCaches (2ms)
			RebuildScriptCaches (87ms)
			SetupLoadedEditorAssemblies (523ms)
				LogAssemblyErrors (0ms)
				InitializePlatformSupportModulesInManaged (8ms)
				SetLoadedEditorAssemblies (1ms)
				RefreshPlugins (1ms)
				BeforeProcessingInitializeOnLoad (150ms)
				ProcessInitializeOnLoadAttributes (336ms)
				ProcessInitializeOnLoadMethodAttributes (23ms)
				AfterProcessingInitializeOnLoad (5ms)
				EditorAssembliesLoaded (0ms)
			ExecutionOrderSort2 (0ms)
			AwakeInstancesAfterBackupRestoration (19ms)
Platform modules already initialized, skipping
Refreshing native plugins compatible for Editor in 0.71 ms, found 3 plugins.
Preloading 0 native plugins for Editor in 0.00 ms.
Unloading 2214 Unused Serialized files (Serialized files now loaded: 0)
System memory in use before: 192.6 MB.
System memory in use after: 192.6 MB.

Unloading 20 unused Assets to reduce memory usage. Loaded Objects now: 2742.
Total: 6.623100 ms (FindLiveObjects: 0.306000 ms CreateObjectMapping: 0.240200 ms MarkObjects: 5.814600 ms  DeleteObjects: 0.259900 ms)

AssetImportParameters requested are different than current active one (requested -> active):
  custom:framework-win-MediaFoundation: 216162199b28c13a410421893ffa2e32 -> 
  custom:video-decoder-ogg-theora: a1e56fd34408186e4bbccfd4996cb3dc -> 
  custom:container-muxer-webm: aa71ff27fc2769a1b78a27578f13a17b -> 
  custom:container-demuxer-webm: 4f35f7cbe854078d1ac9338744f61a02 -> 
  custom:container-demuxer-ogg: 62fdf1f143b41e24485cea50d1cbac27 -> 
  custom:video-encoder-webm-vp8: eb34c28f22e8b96e1ab97ce403110664 -> 
  custom:video-codec-MediaFoundation-h265: 746d11721c4dcdbdad8f713fa42b33f4 -> 
  custom:video-decoder-webm-vp8: 9c59270c3fd7afecdb556c50c9e8de78 -> 
  custom:audio-decoder-ogg-vorbis: bf7c407c2cedff20999df2af8eb42d56 -> 
  custom:audio-encoder-webm-vorbis: bf7c407c2cedff20999df2af8eb42d56 -> 
========================================================================
Received Prepare
Registering precompiled user dll's ...
Registered in 0.003370 seconds.
Begin MonoManager ReloadAssembly
Native extension for WindowsStandalone target not found
Refreshing native plugins compatible for Editor in 0.52 ms, found 3 plugins.
Preloading 0 native plugins for Editor in 0.00 ms.
Mono: successfully reloaded assembly
- Completed reload, in  1.269 seconds
Domain Reload Profiling:
	ReloadAssembly (1269ms)
		BeginReloadAssembly (133ms)
			ExecutionOrderSort (0ms)
			DisableScriptedObjects (6ms)
			BackupInstance (0ms)
			ReleaseScriptingObjects (0ms)
			CreateAndSetChildDomain (33ms)
		EndReloadAssembly (1068ms)
			LoadAssemblies (145ms)
			RebuildTransferFunctionScriptingTraits (0ms)
			SetupTypeCache (380ms)
			ReleaseScriptCaches (1ms)
			RebuildScriptCaches (56ms)
			SetupLoadedEditorAssemblies (375ms)
				LogAssemblyErrors (0ms)
				InitializePlatformSupportModulesInManaged (6ms)
				SetLoadedEditorAssemblies (1ms)
				RefreshPlugins (1ms)
				BeforeProcessingInitializeOnLoad (111ms)
				ProcessInitializeOnLoadAttributes (236ms)
				ProcessInitializeOnLoadMethodAttributes (16ms)
				AfterProcessingInitializeOnLoad (3ms)
				EditorAssembliesLoaded (0ms)
			ExecutionOrderSort2 (0ms)
			AwakeInstancesAfterBackupRestoration (12ms)
Platform modules already initialized, skipping
Refreshing native plugins compatible for Editor in 0.65 ms, found 3 plugins.
Preloading 0 native plugins for Editor in 0.00 ms.
Unloading 2214 Unused Serialized files (Serialized files now loaded: 0)
System memory in use before: 192.7 MB.
System memory in use after: 192.7 MB.

Unloading 20 unused Assets to reduce memory usage. Loaded Objects now: 2744.
Total: 4.748000 ms (FindLiveObjects: 0.597800 ms CreateObjectMapping: 0.224500 ms MarkObjects: 3.771900 ms  DeleteObjects: 0.135500 ms)

AssetImportParameters requested are different than current active one (requested -> active):
  custom:framework-win-MediaFoundation: 216162199b28c13a410421893ffa2e32 -> 
  custom:video-decoder-ogg-theora: a1e56fd34408186e4bbccfd4996cb3dc -> 
  custom:container-muxer-webm: aa71ff27fc2769a1b78a27578f13a17b -> 
  custom:container-demuxer-webm: 4f35f7cbe854078d1ac9338744f61a02 -> 
  custom:container-demuxer-ogg: 62fdf1f143b41e24485cea50d1cbac27 -> 
  custom:video-encoder-webm-vp8: eb34c28f22e8b96e1ab97ce403110664 -> 
  custom:video-codec-MediaFoundation-h265: 746d11721c4dcdbdad8f713fa42b33f4 -> 
  custom:video-decoder-webm-vp8: 9c59270c3fd7afecdb556c50c9e8de78 -> 
  custom:audio-decoder-ogg-vorbis: bf7c407c2cedff20999df2af8eb42d56 -> 
  custom:audio-encoder-webm-vorbis: bf7c407c2cedff20999df2af8eb42d56 -> 
========================================================================
Received Import Request.
  Time since last request: 980.053566 seconds.
  path: Assets/Animations
  artifactKey: Guid(3512cb2927dcac741bc136778c0b244c) Importer(815301076,1909f56bfc062723c751e8b465ee728b)
Start importing Assets/Animations using Guid(3512cb2927dcac741bc136778c0b244c) Importer(815301076,1909f56bfc062723c751e8b465ee728b)  -> (artifact id: '6c3b6de36234d861f61de1123e4f8c53') in 0.006564 seconds 
========================================================================
Received Prepare
Registering precompiled user dll's ...
Registered in 0.003156 seconds.
Begin MonoManager ReloadAssembly
Native extension for WindowsStandalone target not found
Refreshing native plugins compatible for Editor in 1.14 ms, found 3 plugins.
Preloading 0 native plugins for Editor in 0.00 ms.
Mono: successfully reloaded assembly
- Completed reload, in  1.765 seconds
Domain Reload Profiling:
	ReloadAssembly (1766ms)
		BeginReloadAssembly (144ms)
			ExecutionOrderSort (0ms)
			DisableScriptedObjects (11ms)
			BackupInstance (0ms)
			ReleaseScriptingObjects (0ms)
			CreateAndSetChildDomain (33ms)
		EndReloadAssembly (1548ms)
			LoadAssemblies (153ms)
			RebuildTransferFunctionScriptingTraits (0ms)
			SetupTypeCache (517ms)
			ReleaseScriptCaches (2ms)
			RebuildScriptCaches (87ms)
			SetupLoadedEditorAssemblies (585ms)
				LogAssemblyErrors (0ms)
				InitializePlatformSupportModulesInManaged (11ms)
				SetLoadedEditorAssemblies (1ms)
				RefreshPlugins (1ms)
				BeforeProcessingInitializeOnLoad (171ms)
				ProcessInitializeOnLoadAttributes (372ms)
				ProcessInitializeOnLoadMethodAttributes (23ms)
				AfterProcessingInitializeOnLoad (5ms)
				EditorAssembliesLoaded (0ms)
			ExecutionOrderSort2 (0ms)
			AwakeInstancesAfterBackupRestoration (19ms)
Platform modules already initialized, skipping
Refreshing native plugins compatible for Editor in 0.87 ms, found 3 plugins.
Preloading 0 native plugins for Editor in 0.00 ms.
Unloading 2214 Unused Serialized files (Serialized files now loaded: 0)
System memory in use before: 192.7 MB.
System memory in use after: 192.7 MB.

Unloading 20 unused Assets to reduce memory usage. Loaded Objects now: 2746.
Total: 5.904300 ms (FindLiveObjects: 0.427300 ms CreateObjectMapping: 0.176700 ms MarkObjects: 5.103800 ms  DeleteObjects: 0.194700 ms)

AssetImportParameters requested are different than current active one (requested -> active):
  custom:framework-win-MediaFoundation: 216162199b28c13a410421893ffa2e32 -> 
  custom:video-decoder-ogg-theora: a1e56fd34408186e4bbccfd4996cb3dc -> 
  custom:container-muxer-webm: aa71ff27fc2769a1b78a27578f13a17b -> 
  custom:container-demuxer-webm: 4f35f7cbe854078d1ac9338744f61a02 -> 
  custom:container-demuxer-ogg: 62fdf1f143b41e24485cea50d1cbac27 -> 
  custom:video-encoder-webm-vp8: eb34c28f22e8b96e1ab97ce403110664 -> 
  custom:video-codec-MediaFoundation-h265: 746d11721c4dcdbdad8f713fa42b33f4 -> 
  custom:video-decoder-webm-vp8: 9c59270c3fd7afecdb556c50c9e8de78 -> 
  custom:audio-decoder-ogg-vorbis: bf7c407c2cedff20999df2af8eb42d56 -> 
  custom:audio-encoder-webm-vorbis: bf7c407c2cedff20999df2af8eb42d56 -> 
========================================================================
Received Prepare
Registering precompiled user dll's ...
Registered in 0.003346 seconds.
Begin MonoManager ReloadAssembly
Native extension for WindowsStandalone target not found
Refreshing native plugins compatible for Editor in 0.54 ms, found 3 plugins.
Preloading 0 native plugins for Editor in 0.00 ms.
Mono: successfully reloaded assembly
- Completed reload, in  1.405 seconds
Domain Reload Profiling:
	ReloadAssembly (1405ms)
		BeginReloadAssembly (170ms)
			ExecutionOrderSort (0ms)
			DisableScriptedObjects (7ms)
			BackupInstance (0ms)
			ReleaseScriptingObjects (0ms)
			CreateAndSetChildDomain (36ms)
		EndReloadAssembly (1150ms)
			LoadAssemblies (181ms)
			RebuildTransferFunctionScriptingTraits (0ms)
			SetupTypeCache (416ms)
			ReleaseScriptCaches (1ms)
			RebuildScriptCaches (71ms)
			SetupLoadedEditorAssemblies (397ms)
				LogAssemblyErrors (0ms)
				InitializePlatformSupportModulesInManaged (6ms)
				SetLoadedEditorAssemblies (1ms)
				RefreshPlugins (1ms)
				BeforeProcessingInitializeOnLoad (113ms)
				ProcessInitializeOnLoadAttributes (254ms)
				ProcessInitializeOnLoadMethodAttributes (17ms)
				AfterProcessingInitializeOnLoad (4ms)
				EditorAssembliesLoaded (0ms)
			ExecutionOrderSort2 (0ms)
			AwakeInstancesAfterBackupRestoration (12ms)
Platform modules already initialized, skipping
Refreshing native plugins compatible for Editor in 0.86 ms, found 3 plugins.
Preloading 0 native plugins for Editor in 0.00 ms.
Unloading 2214 Unused Serialized files (Serialized files now loaded: 0)
System memory in use before: 192.8 MB.
System memory in use after: 192.8 MB.

Unloading 20 unused Assets to reduce memory usage. Loaded Objects now: 2748.
Total: 4.033100 ms (FindLiveObjects: 0.242300 ms CreateObjectMapping: 0.154800 ms MarkObjects: 3.483600 ms  DeleteObjects: 0.151000 ms)

AssetImportParameters requested are different than current active one (requested -> active):
  custom:framework-win-MediaFoundation: 216162199b28c13a410421893ffa2e32 -> 
  custom:video-decoder-ogg-theora: a1e56fd34408186e4bbccfd4996cb3dc -> 
  custom:container-muxer-webm: aa71ff27fc2769a1b78a27578f13a17b -> 
  custom:container-demuxer-webm: 4f35f7cbe854078d1ac9338744f61a02 -> 
  custom:container-demuxer-ogg: 62fdf1f143b41e24485cea50d1cbac27 -> 
  custom:video-encoder-webm-vp8: eb34c28f22e8b96e1ab97ce403110664 -> 
  custom:video-codec-MediaFoundation-h265: 746d11721c4dcdbdad8f713fa42b33f4 -> 
  custom:video-decoder-webm-vp8: 9c59270c3fd7afecdb556c50c9e8de78 -> 
  custom:audio-decoder-ogg-vorbis: bf7c407c2cedff20999df2af8eb42d56 -> 
  custom:audio-encoder-webm-vorbis: bf7c407c2cedff20999df2af8eb42d56 -> 
========================================================================
Received Import Request.
  Time since last request: 3894.546892 seconds.
  path: Assets/Prefabs
  artifactKey: Guid(8ca45f34d198dd146aeab00c24c80025) Importer(815301076,1909f56bfc062723c751e8b465ee728b)
Start importing Assets/Prefabs using Guid(8ca45f34d198dd146aeab00c24c80025) Importer(815301076,1909f56bfc062723c751e8b465ee728b)  -> (artifact id: 'df0678d17f5e3cbaab6b5f456d2c9a3a') in 0.018909 seconds 
========================================================================
Received Import Request.
  Time since last request: 4.067144 seconds.
  path: Assets/Prefabs/Finished/Complex
  artifactKey: Guid(0642e3b0d63ee3d4b9b500165071c65f) Importer(815301076,1909f56bfc062723c751e8b465ee728b)
Start importing Assets/Prefabs/Finished/Complex using Guid(0642e3b0d63ee3d4b9b500165071c65f) Importer(815301076,1909f56bfc062723c751e8b465ee728b)  -> (artifact id: '5bb7ee88d32dae4add270d99e50bcbcf') in 0.003137 seconds 
========================================================================
Received Import Request.
  Time since last request: 0.102788 seconds.
  path: Assets/Prefabs/Finished/Complex/AudioControlle_Menu.prefab
  artifactKey: Guid(571d20015de7e2e4fb0e457aea61a239) Importer(815301076,1909f56bfc062723c751e8b465ee728b)
Start importing Assets/Prefabs/Finished/Complex/AudioControlle_Menu.prefab using Guid(571d20015de7e2e4fb0e457aea61a239) Importer(815301076,1909f56bfc062723c751e8b465ee728b)  -> (artifact id: 'd3ba60f889ef9560edabcc74d3e9b990') in 0.117312 seconds 
========================================================================
Received Import Request.
  Time since last request: 0.000626 seconds.
  path: Assets/Prefabs/Finished/Complex/MainMenuCanvas.prefab
  artifactKey: Guid(fe9180b72181e924583c6f1f673e7ccd) Importer(815301076,1909f56bfc062723c751e8b465ee728b)
Start importing Assets/Prefabs/Finished/Complex/MainMenuCanvas.prefab using Guid(fe9180b72181e924583c6f1f673e7ccd) Importer(815301076,1909f56bfc062723c751e8b465ee728b)  -> (artifact id: 'f7b68ceb3cbe30378e249e0dd53e9d77') in 0.100422 seconds 
========================================================================
Received Import Request.
  Time since last request: 0.000448 seconds.
  path: Assets/Prefabs/Finished/Complex/AudioController_Game.prefab
  artifactKey: Guid(1a06b8ec54758c1478b149342faf6a63) Importer(815301076,1909f56bfc062723c751e8b465ee728b)
Start importing Assets/Prefabs/Finished/Complex/AudioController_Game.prefab using Guid(1a06b8ec54758c1478b149342faf6a63) Importer(815301076,1909f56bfc062723c751e8b465ee728b)  -> (artifact id: 'c674cc6b1735b8e03999c9e246551f3e') in 0.018891 seconds 
========================================================================
Received Import Request.
  Time since last request: 0.000493 seconds.
  path: Assets/Prefabs/Finished/Complex/GameCanvas.prefab
  artifactKey: Guid(3cf3e76b5c061e547932a4fcdc8f5be1) Importer(815301076,1909f56bfc062723c751e8b465ee728b)
Start importing Assets/Prefabs/Finished/Complex/GameCanvas.prefab using Guid(3cf3e76b5c061e547932a4fcdc8f5be1) Importer(815301076,1909f56bfc062723c751e8b465ee728b)  -> (artifact id: '0d99ed741429bef6482ff040271d57a6') in 0.187108 seconds 
========================================================================
Received Import Request.
  Time since last request: 197.693808 seconds.
  path: Assets/Scenes/FinalLevel.unity
  artifactKey: Guid(759bef9a0e9068c4fba4e63c2a4c6621) Importer(815301076,1909f56bfc062723c751e8b465ee728b)
Start importing Assets/Scenes/FinalLevel.unity using Guid(759bef9a0e9068c4fba4e63c2a4c6621) Importer(815301076,1909f56bfc062723c751e8b465ee728b)  -> (artifact id: '93a68cd19a2baf752345b84576fd2c17') in 0.002937 seconds 
AssetImportWorkerClient::OnTransportError - code=2 error=End of file
